<?xml version="1.0" encoding="UTF-8"?>
<testsuites>
  <testsuite name="" tests="1" assertions="1" errors="0" warnings="0" failures="1" skipped="0" time="0.002206">
    <testsuite name="Test Suite" tests="1" assertions="1" errors="0" warnings="0" failures="1" skipped="0" time="0.002206">
      <testsuite name="Watson\FractalIssue\Tests\ResponseTest" file="/Users/dwight/Sites/fractal-issue/tests/ResponseTest.php" tests="1" assertions="1" errors="0" warnings="0" failures="1" skipped="0" time="0.002206">
        <testcase name="test_it_returns_correct_response" class="Watson\FractalIssue\Tests\ResponseTest" classname="Watson.FractalIssue.Tests.ResponseTest" file="/Users/dwight/Sites/fractal-issue/tests/ResponseTest.php" line="10" assertions="1" time="0.002206">
          <failure type="PHPUnit\Framework\ExpectationFailedException">Watson\FractalIssue\Tests\ResponseTest::test_it_returns_correct_response
Failed asserting that two arrays are equal.
--- Expected
+++ Actual
@@ @@
         'id' =&gt; 1
         'comment' =&gt; 'comment'
         'user' =&gt; Array (
-            'id' =&gt; 2
-            'name' =&gt; 'dwight'
+            '' =&gt; Array (...)
         )
     )
 )

/Users/dwight/Sites/fractal-issue/tests/ResponseTest.php:18</failure>
        </testcase>
      </testsuite>
    </testsuite>
  </testsuite>
</testsuites>
