<?xml version="1.0" encoding="UTF-8"?>
<testsuites>
  <testsuite name="" tests="1" assertions="1" errors="0" warnings="0" failures="0" skipped="0" time="0.002219">
    <testsuite name="Test Suite" tests="1" assertions="1" errors="0" warnings="0" failures="0" skipped="0" time="0.002219">
      <testsuite name="Watson\FractalIssue\Tests\ResponseTest" file="/Users/dwight/Sites/fractal-issue/tests/ResponseTest.php" tests="1" assertions="1" errors="0" warnings="0" failures="0" skipped="0" time="0.002219">
        <testcase name="test_it_returns_correct_response" class="Watson\FractalIssue\Tests\ResponseTest" classname="Watson.FractalIssue.Tests.ResponseTest" file="/Users/dwight/Sites/fractal-issue/tests/ResponseTest.php" line="10" assertions="1" time="0.002219">
          <system-out>
Deprecated: Return type of League\Fractal\Scope::jsonSerialize() should either be compatible with JsonSerializable::jsonSerialize(): mixed, or the #[\ReturnTypeWillChange] attribute should be used to temporarily suppress the notice in /Users/dwight/Sites/fractal-issue/vendor/league/fractal/src/Scope.php on line 298

Deprecated: Return type of League\Fractal\ParamBag::offsetExists($key) should either be compatible with ArrayAccess::offsetExists(mixed $offset): bool, or the #[\ReturnTypeWillChange] attribute should be used to temporarily suppress the notice in /Users/dwight/Sites/fractal-issue/vendor/league/fractal/src/ParamBag.php on line 108

Deprecated: Return type of League\Fractal\ParamBag::offsetGet($key) should either be compatible with ArrayAccess::offsetGet(mixed $offset): mixed, or the #[\ReturnTypeWillChange] attribute should be used to temporarily suppress the notice in /Users/dwight/Sites/fractal-issue/vendor/league/fractal/src/ParamBag.php on line 120

Deprecated: Return type of League\Fractal\ParamBag::offsetSet($key, $value) should either be compatible with ArrayAccess::offsetSet(mixed $offset, mixed $value): void, or the #[\ReturnTypeWillChange] attribute should be used to temporarily suppress the notice in /Users/dwight/Sites/fractal-issue/vendor/league/fractal/src/ParamBag.php on line 135

Deprecated: Return type of League\Fractal\ParamBag::offsetUnset($key) should either be compatible with ArrayAccess::offsetUnset(mixed $offset): void, or the #[\ReturnTypeWillChange] attribute should be used to temporarily suppress the notice in /Users/dwight/Sites/fractal-issue/vendor/league/fractal/src/ParamBag.php on line 149

Deprecated: Return type of League\Fractal\ParamBag::getIterator() should either be compatible with IteratorAggregate::getIterator(): Traversable, or the #[\ReturnTypeWillChange] attribute should be used to temporarily suppress the notice in /Users/dwight/Sites/fractal-issue/vendor/league/fractal/src/ParamBag.php on line 159
</system-out>
        </testcase>
      </testsuite>
    </testsuite>
  </testsuite>
</testsuites>
